================================================================
           ____                  __          ____
          / __ \____  _____ ____/ /_  ____  / / /_
         / /_/ / __ `/ ___/ ___/ __ \/ __ \/ / __/
        / ____/ /_/ (__  |__  ) /_/ / /_/ / / /_
       /_/    \__,_/____/____/_,___/\____/_/\__/

      The open source password manager for teams
      (c) 2018 Passbolt SARL
      https://www.passbolt.com
================================================================
IMPORTANT NOTE: This installation scripts are for use only
on FRESH installed debian >= 9.0 | ubuntu 18.04 | CentOS >= 7.0
================================================================
==============================================================
Do you want to install a local mariadb server on this machine?
==============================================================
1) yes
2) no
#? ================================================================================
On virtualized environments GnuPG happen to find not enough entropy
    to generate a key. Therefore, Passbolt will not run properly.
    Do you want to install Haveged to speed up the entropy generation on
    your system? Please check https://help.passbolt.com/faq/hosting/why-haveged-
virtual-env
================================================================================
1) yes
2) no
#? ================================================================================
Setting hostname...
    Please enter the domain name under which passbolt will run.
    Note this hostname will be used as server_name for nginx
    and as the domain name to register a SSL certificate with
    let's encrypt.
    If you don't have a domain name and you do not plan to use
    let's encrypt please enter the ip address to access this machine
================================================================================
Hostname:================================================================================
Setting up SSL...
    Do you want to setup a SSL certificate and enable HTTPS now?
    - manual: Prompts for the path of user uploaded ssl certificates and set up 
nginx
    - auto:   Will issue a free SSL certificate with https://www.letsencrypt.org
 and set up nginx
    - none:   Do not setup HTTPS at all
================================================================================
1) manual
2) auto
3) none
#? Wrong option, please choose (1) manual, (2) auto or (3) none
#? usermod: user www-data is currently used by process 9997
================================================================
           ____                  __          ____
          / __ \____  _____ ____/ /_  ____  / / /_
         / /_/ / __ `/ ___/ ___/ __ \/ __ \/ / __/
        / ____/ /_/ (__  |__  ) /_/ / /_/ / / /_
       /_/    \__,_/____/____/_,___/\____/_/\__/

      The open source password manager for teams
      (c) 2018 Passbolt SARL
      https://www.passbolt.com
================================================================
IMPORTANT NOTE: This installation scripts are for use only
on FRESH installed debian >= 9.0 | ubuntu 18.04 | CentOS >= 7.0
================================================================
==============================================================
Do you want to install a local mariadb server on this machine?
==============================================================
1) yes
2) no
#? =======================================================
Please enter a new password for the root database user:
=======================================================
MariaDB Root Password:
MariaDB Root Password (verify):
======================================================
Please enter a name for the passbolt database username
======================================================
Passbolt database user name:=======================================================
Please enter a new password for the mysql passbolt user
=======================================================
MariaDB passbolt user password:
MariaDB passbolt user password (verify):
==============================================
Please enter a name for the passbolt database:
==============================================
Passbolt database name:================================================================================
On virtualized environments GnuPG happen to find not enough entropy
    to generate a key. Therefore, Passbolt will not run properly.
    Do you want to install Haveged to speed up the entropy generation on
    your system? Please check https://help.passbolt.com/faq/hosting/why-haveged-
virtual-env
================================================================================
1) yes
2) no
#? ================================================================================
Setting hostname...
    Please enter the domain name under which passbolt will run.
    Note this hostname will be used as server_name for nginx
    and as the domain name to register a SSL certificate with
    let's encrypt.
    If you don't have a domain name and you do not plan to use
    let's encrypt please enter the ip address to access this machine
================================================================================
Hostname:================================================================================
Setting up SSL...
    Do you want to setup a SSL certificate and enable HTTPS now?
    - manual: Prompts for the path of user uploaded ssl certificates and set up 
nginx
    - auto:   Will issue a free SSL certificate with https://www.letsencrypt.org
 and set up nginx
    - none:   Do not setup HTTPS at all
================================================================================
1) manual
2) auto
3) none
#? Enter a email address to register with Let's Encrypt: usermod: user www-data is currently used by process 9997
